17/03/21 17:34:38  0 Start Routine:Slave  0
17/03/21 17:41:13  0 Stop Routine:Main  0
17/03/21 17:59:30  0 Start Routine:Main  0
17/03/21 66:66:66 Start Routine:Slave  0
17/03/21 18:09:25  0 Stop Routine:Main  0
17/03/21 18:13:44  0 Start Routine:Main  0
17/03/21 18:13:45  0 Start Routine:Slave  0
17/03/21 18:26:15  0 Stop Routine:Main  0
17/03/21 18:26:54  0 Failure sending mail.System.Net.WebException: Unable to connect to the remote server ---> System.Net.Sockets.SocketException: A connection attempt failed because the connected party did not properly respond after a period of time, or established connection failed because connected host has failed to respond 10.254.253.200:25
   at System.Net.Sockets.Socket.DoConnect(EndPoint endPointSnapshot, SocketAddress socketAddress)
   at System.Net.Sockets.Socket.InternalConnect(EndPoint remoteEP)
   at System.Net.ServicePoint.ConnectSocketInternal(Boolean connectFailure, Socket s4, Socket s6, Socket& socket, IPAddress& address, ConnectSocketState state, IAsyncResult asyncResult, Int32 timeout, Exception& exception)
   --- End of inner exception stack trace ---
   at System.Net.ServicePoint.GetConnection(PooledStream PooledStream, Object owner, Boolean async, IPAddress& address, Socket& abortSocket, Socket& abortSocket6, Int32 timeout)
   at System.Net.PooledStream.Activate(Object owningObject, Boolean async, Int32 timeout, GeneralAsyncDelegate asyncCallback)
   at System.Net.PooledStream.Activate(Object owningObject, GeneralAsyncDelegate asyncCallback)
   at System.Net.ConnectionPool.GetConnection(Object owningObject, GeneralAsyncDelegate asyncCallback, Int32 creationTimeout)
   at System.Net.Mail.SmtpConnection.GetConnection(String host, Int32 port)
   at System.Net.Mail.SmtpTransport.GetConnection(String host, Int32 port)
   at System.Net.Mail.SmtpClient.GetConnection()
   at System.Net.Mail.SmtpClient.Send(MailMessage message)   at System.Net.Mail.SmtpClient.Send(MailMessage message)
   at EmailTest.Module1.sMail(String sSubject, String sBody, String EmailTo) Routine:sMail  0
17/03/21 18:28:28  0 Start Routine:Main  0
17/03/21 18:28:28  0 Start Routine:Slave  0
17/03/21 18:28:56  0 Stop Routine:Main  0
17/03/21 18:57:27  0 Start Routine:Main  0
17/03/21 18:57:28  0 Start Routine:Slave  0
17/03/21 19:30:33  0 Stop Routine:Main  0
17/03/21 13:46:35  0 Start Routine:Main  0
17/03/21 13:46:35  0 Start Routine:Slave  0
17/03/21 13:47:50  0 Invalid column name 'CreationDate'. Routine:WorkXMLPharmacom  0
17/03/21 13:47:58  0 Invalid column name 'CreationDate'. Routine:WorkXMLPharmacom  0
17/03/21 13:48:44  0 Stop Routine:Main  0